gawk at: /home/011/b/ba/bae170000/Program3/bin/gawk
Shellcmd1: /home/011/b/ba/bae170000/Program3/bin/gawk --version
Shellcmd2: /home/011/b/ba/bae170000/Program3/bin/gawk -f gawk.code numbers.txt

GNU Awk 4.2.62, API: 2.0 (GNU MPFR 3.1.1, GNU MP 6.0.0)
Copyright (C) 1989, 1991-2019 Free Software Foundation.

This program is free software; you can redistribute it and/or modify
it under the terms of the GNU General Public License as published by
the Free Software Foundation; either version 3 of the License, or
(at your option) any later version.

This program is distributed in the hope that it will be useful,
but WITHOUT ANY WARRANTY; without even the implied warranty of
MERCHANTABILITY or FITNESS FOR A PARTICULAR PURPOSE.  See the
GNU General Public License for more details.

You should have received a copy of the GNU General Public License
along with this program. If not, see http://www.gnu.org/licenses/.
The first call to gawk returned:



The second call to gawk returned: 1043 148


The sum of column one is: 1043
The sum of column four is: 148
The sum of the two numbers is: 1191
